<?xml version="1.0" encoding="utf-8"?><testsuites name="pytest tests"><testsuite name="pytest" errors="0" failures="0" skipped="0" tests="8" time="3.298" timestamp="2026-05-25T06:42:54.949548+00:00" hostname="agent-env-eca012c7-5efe-4512-8fc9-08dd36c739d0"><testcase classname="tests.backend_test.TestHttpEndpoints" name="test_root" time="0.217" /><testcase classname="tests.backend_test.TestHttpEndpoints" name="test_status" time="0.135" /><testcase classname="tests.backend_test.TestHttpEndpoints" name="test_monitors_shape" time="0.113" /><testcase classname="tests.backend_test" name="test_search_audio_by_artist" time="0.180" /><testcase classname="tests.backend_test" name="test_get_audio_details" time="0.152" /><testcase classname="tests.backend_test" name="test_get_thumbnail_url" time="0.187" /><testcase classname="tests.backend_test" name="test_download_audio_and_process" time="1.947" /><testcase classname="tests.backend_test" name="test_mongo_indexes_and_uniqueness" time="0.019" /></testsuite></testsuites>